<?xml version="1.0" encoding="UTF-8"?>
<testng-results ignored="0" total="1" passed="1" failed="0" skipped="0">
  <reporter-output>
  </reporter-output>
  <suite started-at="2022-11-21T12:50:06 ICT" name="Command line suite" finished-at="2022-11-21T12:50:07 ICT" duration-ms="753">
    <groups>
      <group name="cucumber">
        <method signature="AbstractTestNGCucumberTests.runScenario(io.cucumber.testng.PickleWrapper,io.cucumber.testng.FeatureWrapper)[pri:0, instance:CucumberTest@4f67eb2a]" name="runScenario" class="io.cucumber.testng.AbstractTestNGCucumberTests"/>
      </group> <!-- cucumber -->
    </groups>
    <test started-at="2022-11-21T12:50:06 ICT" name="Command line test" finished-at="2022-11-21T12:50:07 ICT" duration-ms="753">
      <class name="CucumberTest">
        <test-method is-config="true" signature="setUpClass(org.testng.ITestContext)[pri:0, instance:CucumberTest@4f67eb2a]" started-at="2022-11-21T12:50:06 ICT" name="setUpClass" finished-at="2022-11-21T12:50:07 ICT" duration-ms="564" status="PASS">
          <params>
            <param index="0">
              <value>
                <![CDATA[org.testng.TestRunner@6759f091]]>
              </value>
            </param>
          </params>
          <reporter-output>
          </reporter-output>
        </test-method> <!-- setUpClass -->
        <test-method signature="runScenario(io.cucumber.testng.PickleWrapper,io.cucumber.testng.FeatureWrapper)[pri:0, instance:CucumberTest@4f67eb2a]" started-at="2022-11-21T12:50:07 ICT" name="runScenario" description="Runs Cucumber Scenarios" data-provider="scenarios" finished-at="2022-11-21T12:50:07 ICT" duration-ms="79" status="PASS">
          <params>
            <param index="0">
              <value>
                <![CDATA["Login with valid email and password"]]>
              </value>
            </param>
            <param index="1">
              <value>
                <![CDATA["Login"]]>
              </value>
            </param>
          </params>
          <reporter-output>
          </reporter-output>
        </test-method> <!-- runScenario -->
        <test-method is-config="true" signature="tearDownClass()[pri:0, instance:CucumberTest@4f67eb2a]" started-at="2022-11-21T12:50:07 ICT" name="tearDownClass" finished-at="2022-11-21T12:50:07 ICT" duration-ms="69" status="PASS">
          <reporter-output>
          </reporter-output>
        </test-method> <!-- tearDownClass -->
      </class> <!-- CucumberTest -->
    </test> <!-- Command line test -->
  </suite> <!-- Command line suite -->
</testng-results>
